# Logfile created on 2023-07-07 16:58:06 +0300 by logger.rb/v1.4.3
  INFO ---------------------------------------------------------------------------
  INFO START 2023-07-07 16:58:06 +0300 cap production deploy
  INFO ---------------------------------------------------------------------------
  INFO [2e30b18f] Running /usr/bin/env mkdir -p /tmp as root@217.25.90.148
 DEBUG [2e30b18f] Command: /usr/bin/env mkdir -p /tmp
  INFO ---------------------------------------------------------------------------
  INFO START 2023-07-07 16:59:22 +0300 cap production deploy
  INFO ---------------------------------------------------------------------------
  INFO [a0720054] Running /usr/bin/env mkdir -p /tmp as root@217.25.90.148
 DEBUG [a0720054] Command: /usr/bin/env mkdir -p /tmp
  INFO ---------------------------------------------------------------------------
  INFO START 2023-07-07 17:01:01 +0300 cap production deploy
  INFO ---------------------------------------------------------------------------
  INFO [e8f8d41f] Running /usr/bin/env mkdir -p /tmp as root@1479911-cv23179.tw1.ru
 DEBUG [e8f8d41f] Command: /usr/bin/env mkdir -p /tmp
  INFO ---------------------------------------------------------------------------
  INFO START 2023-07-07 17:08:03 +0300 cap production deploy
  INFO ---------------------------------------------------------------------------
  INFO [5ba1a715] Running /usr/bin/env mkdir -p /tmp as deploy@1479911-cv23179.tw1.ru
 DEBUG [5ba1a715] Command: /usr/bin/env mkdir -p /tmp
  INFO ---------------------------------------------------------------------------
  INFO START 2023-07-07 17:08:40 +0300 cap production deploy
  INFO ---------------------------------------------------------------------------
  INFO [148a6de9] Running /usr/bin/env mkdir -p /tmp as deploy@1479911-cv23179.tw1.ru
 DEBUG [148a6de9] Command: /usr/bin/env mkdir -p /tmp
  INFO ---------------------------------------------------------------------------
  INFO START 2023-07-07 17:09:07 +0300 cap production deploy
  INFO ---------------------------------------------------------------------------
  INFO [ad860013] Running /usr/bin/env mkdir -p /tmp as deploy@217.25.90.148
 DEBUG [ad860013] Command: /usr/bin/env mkdir -p /tmp
  INFO ---------------------------------------------------------------------------
  INFO START 2023-07-07 17:10:55 +0300 cap production deploy
  INFO ---------------------------------------------------------------------------
  INFO [39e63d35] Running /usr/bin/env mkdir -p /tmp as deploy@217.25.90.148
 DEBUG [39e63d35] Command: /usr/bin/env mkdir -p /tmp
  INFO ---------------------------------------------------------------------------
  INFO START 2023-07-07 17:11:39 +0300 cap production deploy
  INFO ---------------------------------------------------------------------------
  INFO [bad63f7c] Running /usr/bin/env mkdir -p /tmp as deploy@217.25.90.148
 DEBUG [bad63f7c] Command: /usr/bin/env mkdir -p /tmp
  INFO ---------------------------------------------------------------------------
  INFO START 2023-07-07 17:12:16 +0300 cap production deploy
  INFO ---------------------------------------------------------------------------
  INFO [08cdf079] Running /usr/bin/env mkdir -p /tmp as deploy@217.25.90.148
 DEBUG [08cdf079] Command: /usr/bin/env mkdir -p /tmp
  INFO ---------------------------------------------------------------------------
  INFO START 2023-07-07 17:13:11 +0300 cap production deploy
  INFO ---------------------------------------------------------------------------
  INFO [f86ad0fa] Running /usr/bin/env mkdir -p /tmp as deploy@217.25.90.148
 DEBUG [f86ad0fa] Command: /usr/bin/env mkdir -p /tmp
  INFO [f86ad0fa] Finished in 3.078 seconds with exit status 0 (successful).
 DEBUG Uploading /tmp/git-ssh-b41ec974aeb8e874815e.sh 0.0%
  INFO Uploading /tmp/git-ssh-b41ec974aeb8e874815e.sh 100.0%
  INFO [fa59d89c] Running /usr/bin/env chmod 700 /tmp/git-ssh-b41ec974aeb8e874815e.sh as deploy@217.25.90.148
 DEBUG [fa59d89c] Command: /usr/bin/env chmod 700 /tmp/git-ssh-b41ec974aeb8e874815e.sh
  INFO [fa59d89c] Finished in 0.050 seconds with exit status 0 (successful).
  INFO [812a4a2f] Running /usr/bin/env git ls-remote git@github.com:gabrin/rinat.git HEAD as deploy@217.25.90.148
 DEBUG [812a4a2f] Command: ( export GIT_ASKPASS="/bin/echo" GIT_SSH="/tmp/git-ssh-b41ec974aeb8e874815e.sh" ; /usr/bin/env git ls-remote git@github.com:gabrin/rinat.git HEAD )
 DEBUG [812a4a2f] 	Could not create directory '/home/deploy/.ssh' (Permission denied).
 DEBUG [812a4a2f] 	Failed to add the host to the list of known hosts (/home/deploy/.ssh/known_hosts).
 DEBUG [812a4a2f] 	git@github.com: Permission denied (publickey).
 DEBUG [812a4a2f] 	fatal: Could not read from remote repository.

Please make sure you have the correct access rights
and the repository exists.
  INFO ---------------------------------------------------------------------------
  INFO START 2023-07-07 17:14:01 +0300 cap production deploy
  INFO ---------------------------------------------------------------------------
  INFO [867a56e6] Running /usr/bin/env mkdir -p /tmp as root@217.25.90.148
 DEBUG [867a56e6] Command: /usr/bin/env mkdir -p /tmp
  INFO ---------------------------------------------------------------------------
  INFO START 2023-07-07 17:14:45 +0300 cap production deploy
  INFO ---------------------------------------------------------------------------
  INFO [693307da] Running /usr/bin/env mkdir -p /tmp as root@217.25.90.148
 DEBUG [693307da] Command: /usr/bin/env mkdir -p /tmp
  INFO ---------------------------------------------------------------------------
  INFO START 2023-07-07 17:26:16 +0300 cap production deploy
  INFO ---------------------------------------------------------------------------
  INFO [b5b073d4] Running /usr/bin/env mkdir -p /tmp as root@217.25.90.148
 DEBUG [b5b073d4] Command: /usr/bin/env mkdir -p /tmp
  INFO ---------------------------------------------------------------------------
  INFO START 2023-07-07 17:27:02 +0300 cap production deploy
  INFO ---------------------------------------------------------------------------
  INFO [a9c11ccf] Running /usr/bin/env mkdir -p /tmp as root@217.25.90.148
 DEBUG [a9c11ccf] Command: /usr/bin/env mkdir -p /tmp
  INFO ---------------------------------------------------------------------------
  INFO START 2023-07-07 17:28:22 +0300 cap production deploy
  INFO ---------------------------------------------------------------------------
  INFO [575e3e9f] Running /usr/bin/env mkdir -p /tmp as root@1479911-cv23179.tw1.ru
 DEBUG [575e3e9f] Command: /usr/bin/env mkdir -p /tmp
  INFO ---------------------------------------------------------------------------
  INFO START 2023-07-07 17:32:31 +0300 cap production deploy
  INFO ---------------------------------------------------------------------------
  INFO [13dcf71c] Running /usr/bin/env mkdir -p /tmp as root@1479911-cv23179.tw1.ru
 DEBUG [13dcf71c] Command: /usr/bin/env mkdir -p /tmp
  INFO ---------------------------------------------------------------------------
  INFO START 2023-07-07 17:35:33 +0300 cap production deploy
  INFO ---------------------------------------------------------------------------
  INFO [79a67c93] Running /usr/bin/env mkdir -p /tmp as root@1479911-cv23179.tw1.ru
 DEBUG [79a67c93] Command: /usr/bin/env mkdir -p /tmp
  INFO ---------------------------------------------------------------------------
  INFO START 2023-07-07 17:37:39 +0300 cap production deploy
  INFO ---------------------------------------------------------------------------
  INFO [1d7efe22] Running /usr/bin/env mkdir -p /tmp as root@217.25.90.148
 DEBUG [1d7efe22] Command: /usr/bin/env mkdir -p /tmp
  INFO [1d7efe22] Finished in 0.862 seconds with exit status 0 (successful).
 DEBUG Uploading /tmp/git-ssh-2c19fad787b375b1d5a8.sh 0.0%
  INFO Uploading /tmp/git-ssh-2c19fad787b375b1d5a8.sh 100.0%
  INFO [1daa1b6b] Running /usr/bin/env chmod 700 /tmp/git-ssh-2c19fad787b375b1d5a8.sh as root@217.25.90.148
 DEBUG [1daa1b6b] Command: /usr/bin/env chmod 700 /tmp/git-ssh-2c19fad787b375b1d5a8.sh
  INFO [1daa1b6b] Finished in 0.048 seconds with exit status 0 (successful).
  INFO [571cc72f] Running /usr/bin/env git ls-remote git@github.com:gabrin/rinat.git HEAD as root@217.25.90.148
 DEBUG [571cc72f] Command: ( export GIT_ASKPASS="/bin/echo" GIT_SSH="/tmp/git-ssh-2c19fad787b375b1d5a8.sh" ; /usr/bin/env git ls-remote git@github.com:gabrin/rinat.git HEAD )
 DEBUG [571cc72f] 	67eb82e6bc05199484ab1650cdeb9f093f76cf44	HEAD
  INFO [571cc72f] Finished in 1.945 seconds with exit status 0 (successful).
  INFO [54621a60] Running /usr/bin/env mkdir -p /home/deploy/rinat/shared /home/deploy/rinat/releases as root@217.25.90.148
 DEBUG [54621a60] Command: /usr/bin/env mkdir -p /home/deploy/rinat/shared /home/deploy/rinat/releases
  INFO [54621a60] Finished in 0.047 seconds with exit status 0 (successful).
 DEBUG [d49227a7] Running [ -f /home/deploy/rinat/current/REVISION ] as root@217.25.90.148
 DEBUG [d49227a7] Command: [ -f /home/deploy/rinat/current/REVISION ]
 DEBUG [d49227a7] Finished in 0.046 seconds with exit status 1 (failed).
 DEBUG [fe7f65a5] Running [ -f /home/deploy/rinat/repo/HEAD ] as root@217.25.90.148
 DEBUG [fe7f65a5] Command: [ -f /home/deploy/rinat/repo/HEAD ]
 DEBUG [fe7f65a5] Finished in 0.049 seconds with exit status 1 (failed).
 DEBUG [b51465f1] Running if test ! -d /home/deploy/rinat; then echo "Directory does not exist '/home/deploy/rinat'" 1>&2; false; fi as root@217.25.90.148
 DEBUG [b51465f1] Command: if test ! -d /home/deploy/rinat; then echo "Directory does not exist '/home/deploy/rinat'" 1>&2; false; fi
 DEBUG [b51465f1] Finished in 0.050 seconds with exit status 0 (successful).
  INFO [b52a58d1] Running /usr/bin/env git clone --mirror git@github.com:gabrin/rinat.git /home/deploy/rinat/repo as root@217.25.90.148
 DEBUG [b52a58d1] Command: cd /home/deploy/rinat && ( export GIT_ASKPASS="/bin/echo" GIT_SSH="/tmp/git-ssh-2c19fad787b375b1d5a8.sh" ; /usr/bin/env git clone --mirror git@github.com:gabrin/rinat.git /home/deploy/rinat/repo )
 DEBUG [b52a58d1] 	Cloning into bare repository '/home/deploy/rinat/repo'...
  INFO [b52a58d1] Finished in 2.633 seconds with exit status 0 (successful).
 DEBUG [a9a7ef2d] Running if test ! -d /home/deploy/rinat/repo; then echo "Directory does not exist '/home/deploy/rinat/repo'" 1>&2; false; fi as root@217.25.90.148
 DEBUG [a9a7ef2d] Command: if test ! -d /home/deploy/rinat/repo; then echo "Directory does not exist '/home/deploy/rinat/repo'" 1>&2; false; fi
 DEBUG [a9a7ef2d] Finished in 0.048 seconds with exit status 0 (successful).
  INFO [2f72626f] Running /usr/bin/env git remote set-url origin git@github.com:gabrin/rinat.git as root@217.25.90.148
 DEBUG [2f72626f] Command: cd /home/deploy/rinat/repo && ( export GIT_ASKPASS="/bin/echo" GIT_SSH="/tmp/git-ssh-2c19fad787b375b1d5a8.sh" ; /usr/bin/env git remote set-url origin git@github.com:gabrin/rinat.git )
  INFO [2f72626f] Finished in 0.050 seconds with exit status 0 (successful).
  INFO [54318cc2] Running /usr/bin/env git remote update --prune as root@217.25.90.148
 DEBUG [54318cc2] Command: cd /home/deploy/rinat/repo && ( export GIT_ASKPASS="/bin/echo" GIT_SSH="/tmp/git-ssh-2c19fad787b375b1d5a8.sh" ; /usr/bin/env git remote update --prune )
 DEBUG [54318cc2] 	Fetching origin
  INFO [54318cc2] Finished in 1.600 seconds with exit status 0 (successful).
 DEBUG [d16ea93c] Running if test ! -d /home/deploy/rinat/repo; then echo "Directory does not exist '/home/deploy/rinat/repo'" 1>&2; false; fi as root@217.25.90.148
 DEBUG [d16ea93c] Command: if test ! -d /home/deploy/rinat/repo; then echo "Directory does not exist '/home/deploy/rinat/repo'" 1>&2; false; fi
 DEBUG [d16ea93c] Finished in 0.050 seconds with exit status 0 (successful).
  INFO [9314ed79] Running /usr/bin/env mkdir -p /home/deploy/rinat/releases/20230707143742 as root@217.25.90.148
 DEBUG [9314ed79] Command: cd /home/deploy/rinat/repo && ( export GIT_ASKPASS="/bin/echo" GIT_SSH="/tmp/git-ssh-2c19fad787b375b1d5a8.sh" ; /usr/bin/env mkdir -p /home/deploy/rinat/releases/20230707143742 )
  INFO [9314ed79] Finished in 0.055 seconds with exit status 0 (successful).
  INFO [435b5ef6] Running /usr/bin/env git archive master _site | /usr/bin/env tar -x --strip-components 1 -f - -C /home/deploy/rinat/releases/20230707143742 as root@217.25.90.148
 DEBUG [435b5ef6] Command: cd /home/deploy/rinat/repo && ( export GIT_ASKPASS="/bin/echo" GIT_SSH="/tmp/git-ssh-2c19fad787b375b1d5a8.sh" ; /usr/bin/env git archive master _site | /usr/bin/env tar -x --strip-components 1 -f - -C /home/deploy/rinat/releases/20230707143742 )
 DEBUG [435b5ef6] 	fatal: pathspec '_site' did not match any files
 DEBUG [435b5ef6] 	tar: 
 DEBUG [435b5ef6] 	This does not look like a tar archive
 DEBUG [435b5ef6] 	
 DEBUG [435b5ef6] 	tar: 
 DEBUG [435b5ef6] 	Exiting with failure status due to previous errors
 DEBUG [435b5ef6] 	
